{
  "testId" : "1-input-sem-validacao-chrome-",
  "name" : "Input sem validacao (Chrome)",
  "report" : {
    "nodes" : [ {
      "status" : "info",
      "nodes" : [ {
        "name" : "        check testone.spec",
        "status" : "info",
        "nodes" : [ {
          "name" : "Check layout: testone.spec included tags: ",
          "status" : "info",
          "time" : 1436965061069,
          "sections" : [ {
            "name" : "",
            "objects" : [ {
              "name" : "body",
              "specs" : [ {
                "status" : "info",
                "place" : {
                  "filePath" : "testone.spec",
                  "lineNumber" : 8
                },
                "name" : "contains: name",
                "highlight" : [ "body", "name" ]
              }, {
                "status" : "info",
                "place" : {
                  "filePath" : "testone.spec",
                  "lineNumber" : 9
                },
                "name" : "contains: btn",
                "highlight" : [ "body", "btn" ]
              } ]
            }, {
              "name" : "name",
              "specs" : [ {
                "status" : "info",
                "place" : {
                  "filePath" : "testone.spec",
                  "lineNumber" : 12
                },
                "name" : "text is:",
                "highlight" : [ "name" ]
              } ]
            }, {
              "name" : "btn",
              "specs" : [ {
                "status" : "info",
                "place" : {
                  "filePath" : "testone.spec",
                  "lineNumber" : 15
                },
                "name" : "text is: Button",
                "highlight" : [ "btn" ]
              } ]
            } ]
          } ],
          "objects" : {
            "name" : {
              "area" : [ 8, 8, 1019, 908 ]
            },
            "body" : {
              "area" : [ 8, 8, 1019, 929 ]
            },
            "btn" : {
              "area" : [ 8, 916, 61, 21 ]
            }
          },
          "screenshot" : "layout-1-screenshot.png",
          "type" : "layout"
        } ],
        "time" : 1436965060247,
        "type" : "node"
      }, {
        "name" : "        run testone.js",
        "status" : "info",
        "nodes" : [ {
          "name" : "Type text \"teste de campo\" to input",
          "status" : "info",
          "nodes" : [ {
            "name" : "css: input[name='name']",
            "type" : "text"
          } ],
          "time" : 1436965061154,
          "type" : "node"
        }, {
          "name" : "Click btn",
          "status" : "info",
          "nodes" : [ {
            "name" : "css: #btn",
            "type" : "text"
          } ],
          "time" : 1436965061338,
          "type" : "node"
        }, {
          "name" : "WrappedException: Wrapped org.openqa.selenium.WebDriverException: unknown error: Element is not clickable at point (38, 913). Other element would receive the click: <span data-reactid=\".0.0.1.0\">...</span>\n  (Session info: chrome=43.0.2357.132)\n  (Driver info: chromedriver=2.16.333243 (0bfa1d3575fc1044244f21ddb82bf870944ef961),platform=Linux 3.16.0-34-generic x86_64) (WARNING: The server did not provide any stacktrace information)\nCommand duration or timeout: 30 milliseconds\nBuild info: version: '2.46.0', revision: '87c69e2', time: '2015-06-04 16:16:47'\nSystem info: host: 'e5cda0a6050c', ip: '172.17.1.81', os.name: 'Linux', os.arch: 'amd64', os.version: '3.16.0-34-generic', java.version: '1.7.0_79'\nSession ID: c7e375b5a665e8f57bd02367c5be69ff\nDriver info: org.openqa.selenium.chrome.ChromeDriver\nCapabilities [{platform=LINUX, acceptSslCerts=true, javascriptEnabled=true, browserName=chrome, chrome={userDataDir=/tmp/.com.google.Chrome.i5v1fb}, rotatable=false, locationContextEnabled=true, mobileEmulationEnabled=false, version=43.0.2357.132, takesHeapSnapshot=true, cssSelectorsEnabled=true, databaseEnabled=false, handlesAlerts=true, browserConnectionEnabled=false, webStorageEnabled=true, nativeEvents=true, hasTouchScreen=false, applicationCacheEnabled=false, takesScreenshot=true}]\nCommand duration or timeout: 79 milliseconds\nBuild info: version: 'unknown', revision: 'unknown', time: 'unknown'\nSystem info: host: 'majinboo', ip: '127.0.1.1', os.name: 'Linux', os.arch: 'amd64', os.version: '3.2.0-85-generic', java.version: '1.8.0_45'\nDriver info: org.openqa.selenium.remote.RemoteWebDriver\nCapabilities [{applicationCacheEnabled=false, rotatable=false, mobileEmulationEnabled=false, chrome={userDataDir=/tmp/.com.google.Chrome.i5v1fb}, takesHeapSnapshot=true, databaseEnabled=false, handlesAlerts=true, hasTouchScreen=false, version=43.0.2357.132, platform=LINUX, browserConnectionEnabled=false, nativeEvents=true, acceptSslCerts=true, webdriver.remote.sessionid=767181f1-c5d8-48ee-b524-9e2ec443cfb1, locationContextEnabled=true, webStorageEnabled=true, browserName=chrome, takesScreenshot=true, javascriptEnabled=true, cssSelectorsEnabled=true}]\nSession ID: 767181f1-c5d8-48ee-b524-9e2ec443cfb1 (<cmd>#418)",
          "status" : "error",
          "time" : 1436965061450,
          "stacktrace" : "org.mozilla.javascript.WrappedException: Wrapped org.openqa.selenium.WebDriverException: unknown error: Element is not clickable at point (38, 913). Other element would receive the click: <span data-reactid=\".0.0.1.0\">...</span>\n  (Session info: chrome=43.0.2357.132)\n  (Driver info: chromedriver=2.16.333243 (0bfa1d3575fc1044244f21ddb82bf870944ef961),platform=Linux 3.16.0-34-generic x86_64) (WARNING: The server did not provide any stacktrace information)\nCommand duration or timeout: 30 milliseconds\nBuild info: version: '2.46.0', revision: '87c69e2', time: '2015-06-04 16:16:47'\nSystem info: host: 'e5cda0a6050c', ip: '172.17.1.81', os.name: 'Linux', os.arch: 'amd64', os.version: '3.16.0-34-generic', java.version: '1.7.0_79'\nSession ID: c7e375b5a665e8f57bd02367c5be69ff\nDriver info: org.openqa.selenium.chrome.ChromeDriver\nCapabilities [{platform=LINUX, acceptSslCerts=true, javascriptEnabled=true, browserName=chrome, chrome={userDataDir=/tmp/.com.google.Chrome.i5v1fb}, rotatable=false, locationContextEnabled=true, mobileEmulationEnabled=false, version=43.0.2357.132, takesHeapSnapshot=true, cssSelectorsEnabled=true, databaseEnabled=false, handlesAlerts=true, browserConnectionEnabled=false, webStorageEnabled=true, nativeEvents=true, hasTouchScreen=false, applicationCacheEnabled=false, takesScreenshot=true}]\nCommand duration or timeout: 79 milliseconds\nBuild info: version: 'unknown', revision: 'unknown', time: 'unknown'\nSystem info: host: 'majinboo', ip: '127.0.1.1', os.name: 'Linux', os.arch: 'amd64', os.version: '3.2.0-85-generic', java.version: '1.8.0_45'\nDriver info: org.openqa.selenium.remote.RemoteWebDriver\nCapabilities [{applicationCacheEnabled=false, rotatable=false, mobileEmulationEnabled=false, chrome={userDataDir=/tmp/.com.google.Chrome.i5v1fb}, takesHeapSnapshot=true, databaseEnabled=false, handlesAlerts=true, hasTouchScreen=false, version=43.0.2357.132, platform=LINUX, browserConnectionEnabled=false, nativeEvents=true, acceptSslCerts=true, webdriver.remote.sessionid=767181f1-c5d8-48ee-b524-9e2ec443cfb1, locationContextEnabled=true, webStorageEnabled=true, browserName=chrome, takesScreenshot=true, javascriptEnabled=true, cssSelectorsEnabled=true}]\nSession ID: 767181f1-c5d8-48ee-b524-9e2ec443cfb1 (<cmd>#418)\n\tat org.mozilla.javascript.Context.throwAsScriptRuntimeEx(Context.java:1754)\n\tat org.mozilla.javascript.MemberBox.invoke(MemberBox.java:148)\n\tat org.mozilla.javascript.NativeJavaMethod.call(NativeJavaMethod.java:225)\n\tat org.mozilla.javascript.optimizer.OptRuntime.callProp0(OptRuntime.java:85)\n\tat org.mozilla.javascript.gen._cmd__38._c_anonymous_45(<cmd>:418)\n\tat org.mozilla.javascript.gen._cmd__38.call(<cmd>)\n\tat org.mozilla.javascript.optimizer.OptRuntime.callProp0(OptRuntime.java:85)\n\tat org.mozilla.javascript.gen.testone_js_40._c_anonymous_2(testone.js:7)\n\tat org.mozilla.javascript.gen.testone_js_40.call(testone.js)\n\tat org.mozilla.javascript.optimizer.OptRuntime.call1(OptRuntime.java:32)\n\tat org.mozilla.javascript.gen.testone_js_40._c_script_0(testone.js:13)\n\tat org.mozilla.javascript.gen.testone_js_40.call(testone.js)\n\tat org.mozilla.javascript.ContextFactory.doTopCall(ContextFactory.java:394)\n\tat org.mozilla.javascript.ScriptRuntime.doTopCall(ScriptRuntime.java:3090)\n\tat org.mozilla.javascript.gen.testone_js_40.call(testone.js)\n\tat org.mozilla.javascript.gen.testone_js_40.exec(testone.js)\n\tat org.mozilla.javascript.Context.evaluateReader(Context.java:1110)\n\tat net.mindengine.galen.javascript.GalenJsExecutor.eval(GalenJsExecutor.java:98)\n\tat net.mindengine.galen.suite.actions.GalenPageActionRunJavascript.execute(GalenPageActionRunJavascript.java:58)\n\tat net.mindengine.galen.runner.GalenPageRunner.executeAction(GalenPageRunner.java:77)\n\tat net.mindengine.galen.runner.GalenPageRunner.run(GalenPageRunner.java:69)\n\tat net.mindengine.galen.runner.GalenBasicTestRunner.runTest(GalenBasicTestRunner.java:71)\n\tat net.mindengine.galen.tests.GalenBasicTest.execute(GalenBasicTest.java:53)\n\tat net.mindengine.galen.TestRunnable.runTest(TestRunnable.java:68)\n\tat net.mindengine.galen.TestRunnable.run(TestRunnable.java:94)\n\tat java.util.concurrent.ThreadPoolExecutor.runWorker(ThreadPoolExecutor.java:1142)\n\tat java.util.concurrent.ThreadPoolExecutor$Worker.run(ThreadPoolExecutor.java:617)\n\tat java.lang.Thread.run(Thread.java:745)\nCaused by: org.openqa.selenium.WebDriverException: unknown error: Element is not clickable at point (38, 913). Other element would receive the click: <span data-reactid=\".0.0.1.0\">...</span>\n  (Session info: chrome=43.0.2357.132)\n  (Driver info: chromedriver=2.16.333243 (0bfa1d3575fc1044244f21ddb82bf870944ef961),platform=Linux 3.16.0-34-generic x86_64) (WARNING: The server did not provide any stacktrace information)\nCommand duration or timeout: 30 milliseconds\nBuild info: version: '2.46.0', revision: '87c69e2', time: '2015-06-04 16:16:47'\nSystem info: host: 'e5cda0a6050c', ip: '172.17.1.81', os.name: 'Linux', os.arch: 'amd64', os.version: '3.16.0-34-generic', java.version: '1.7.0_79'\nSession ID: c7e375b5a665e8f57bd02367c5be69ff\nDriver info: org.openqa.selenium.chrome.ChromeDriver\nCapabilities [{platform=LINUX, acceptSslCerts=true, javascriptEnabled=true, browserName=chrome, chrome={userDataDir=/tmp/.com.google.Chrome.i5v1fb}, rotatable=false, locationContextEnabled=true, mobileEmulationEnabled=false, version=43.0.2357.132, takesHeapSnapshot=true, cssSelectorsEnabled=true, databaseEnabled=false, handlesAlerts=true, browserConnectionEnabled=false, webStorageEnabled=true, nativeEvents=true, hasTouchScreen=false, applicationCacheEnabled=false, takesScreenshot=true}]\nCommand duration or timeout: 79 milliseconds\nBuild info: version: 'unknown', revision: 'unknown', time: 'unknown'\nSystem info: host: 'majinboo', ip: '127.0.1.1', os.name: 'Linux', os.arch: 'amd64', os.version: '3.2.0-85-generic', java.version: '1.8.0_45'\nDriver info: org.openqa.selenium.remote.RemoteWebDriver\nCapabilities [{applicationCacheEnabled=false, rotatable=false, mobileEmulationEnabled=false, chrome={userDataDir=/tmp/.com.google.Chrome.i5v1fb}, takesHeapSnapshot=true, databaseEnabled=false, handlesAlerts=true, hasTouchScreen=false, version=43.0.2357.132, platform=LINUX, browserConnectionEnabled=false, nativeEvents=true, acceptSslCerts=true, webdriver.remote.sessionid=767181f1-c5d8-48ee-b524-9e2ec443cfb1, locationContextEnabled=true, webStorageEnabled=true, browserName=chrome, takesScreenshot=true, javascriptEnabled=true, cssSelectorsEnabled=true}]\nSession ID: 767181f1-c5d8-48ee-b524-9e2ec443cfb1\n\tat sun.reflect.NativeConstructorAccessorImpl.newInstance0(Native Method)\n\tat sun.reflect.NativeConstructorAccessorImpl.newInstance(NativeConstructorAccessorImpl.java:62)\n\tat sun.reflect.DelegatingConstructorAccessorImpl.newInstance(DelegatingConstructorAccessorImpl.java:45)\n\tat java.lang.reflect.Constructor.newInstance(Constructor.java:422)\n\tat org.openqa.selenium.remote.ErrorHandler.createThrowable(ErrorHandler.java:204)\n\tat org.openqa.selenium.remote.ErrorHandler.throwIfResponseFailed(ErrorHandler.java:156)\n\tat org.openqa.selenium.remote.RemoteWebDriver.execute(RemoteWebDriver.java:605)\n\tat org.openqa.selenium.remote.RemoteWebElement.execute(RemoteWebElement.java:269)\n\tat org.openqa.selenium.remote.RemoteWebElement.click(RemoteWebElement.java:80)\n\tat net.mindengine.galen.browser.WebElementWrapper.click(WebElementWrapper.java:32)\n\tat sun.reflect.NativeMethodAccessorImpl.invoke0(Native Method)\n\tat sun.reflect.NativeMethodAccessorImpl.invoke(NativeMethodAccessorImpl.java:62)\n\tat sun.reflect.DelegatingMethodAccessorImpl.invoke(DelegatingMethodAccessorImpl.java:43)\n\tat java.lang.reflect.Method.invoke(Method.java:497)\n\tat org.mozilla.javascript.MemberBox.invoke(MemberBox.java:126)\n\t... 26 more\nCaused by: org.openqa.selenium.WebDriverException: unknown error: Element is not clickable at point (38, 913). Other element would receive the click: <span data-reactid=\".0.0.1.0\">...</span>\n  (Session info: chrome=43.0.2357.132)\n  (Driver info: chromedriver=2.16.333243 (0bfa1d3575fc1044244f21ddb82bf870944ef961),platform=Linux 3.16.0-34-generic x86_64) (WARNING: The server did not provide any stacktrace information)\nCommand duration or timeout: 30 milliseconds\nBuild info: version: '2.46.0', revision: '87c69e2', time: '2015-06-04 16:16:47'\nSystem info: host: 'e5cda0a6050c', ip: '172.17.1.81', os.name: 'Linux', os.arch: 'amd64', os.version: '3.16.0-34-generic', java.version: '1.7.0_79'\nSession ID: c7e375b5a665e8f57bd02367c5be69ff\nDriver info: org.openqa.selenium.chrome.ChromeDriver\nCapabilities [{platform=LINUX, acceptSslCerts=true, javascriptEnabled=true, browserName=chrome, chrome={userDataDir=/tmp/.com.google.Chrome.i5v1fb}, rotatable=false, locationContextEnabled=true, mobileEmulationEnabled=false, version=43.0.2357.132, takesHeapSnapshot=true, cssSelectorsEnabled=true, databaseEnabled=false, handlesAlerts=true, browserConnectionEnabled=false, webStorageEnabled=true, nativeEvents=true, hasTouchScreen=false, applicationCacheEnabled=false, takesScreenshot=true}]\nBuild info: version: 'unknown', revision: 'unknown', time: 'unknown'\nSystem info: host: 'majinboo', ip: '127.0.1.1', os.name: 'Linux', os.arch: 'amd64', os.version: '3.2.0-85-generic', java.version: '1.8.0_45'\nDriver info: driver.version: RemoteWebDriver\n\tat sun.reflect.NativeConstructorAccessorImpl.newInstance0(Native Method)\n\tat sun.reflect.NativeConstructorAccessorImpl.newInstance(NativeConstructorAccessorImpl.java:57)\n\tat sun.reflect.DelegatingConstructorAccessorImpl.newInstance(DelegatingConstructorAccessorImpl.java:45)\n\tat java.lang.reflect.Constructor.newInstance(Constructor.java:526)\n\tat org.openqa.selenium.remote.ErrorHandler.createThrowable(ErrorHandler.java:204)\n\tat org.openqa.selenium.remote.ErrorHandler.throwIfResponseFailed(ErrorHandler.java:156)\n\tat org.openqa.selenium.remote.RemoteWebDriver.execute(RemoteWebDriver.java:605)\n\tat org.openqa.selenium.remote.RemoteWebElement.execute(RemoteWebElement.java:269)\n\tat org.openqa.selenium.remote.RemoteWebElement.click(RemoteWebElement.java:80)\n\tat sun.reflect.NativeMethodAccessorImpl.invoke0(Native Method)\n\tat sun.reflect.NativeMethodAccessorImpl.invoke(NativeMethodAccessorImpl.java:57)\n\tat sun.reflect.DelegatingMethodAccessorImpl.invoke(DelegatingMethodAccessorImpl.java:43)\n\tat java.lang.reflect.Method.invoke(Method.java:606)\n\tat org.openqa.selenium.support.events.EventFiringWebDriver$EventFiringWebElement$1.invoke(EventFiringWebDriver.java:332)\n\tat com.sun.proxy.$Proxy2.click(Unknown Source)\n\tat org.openqa.selenium.support.events.EventFiringWebDriver$EventFiringWebElement.click(EventFiringWebDriver.java:345)\n\tat sun.reflect.NativeMethodAccessorImpl.invoke0(Native Method)\n\tat sun.reflect.NativeMethodAccessorImpl.invoke(NativeMethodAccessorImpl.java:57)\n\tat sun.reflect.DelegatingMethodAccessorImpl.invoke(DelegatingMethodAccessorImpl.java:43)\n\tat java.lang.reflect.Method.invoke(Method.java:606)\n\tat org.openqa.selenium.remote.server.KnownElements$1.invoke(KnownElements.java:64)\n\tat com.sun.proxy.$Proxy3.click(Unknown Source)\n\tat org.openqa.selenium.remote.server.handler.ClickElement.call(ClickElement.java:30)\n\tat org.openqa.selenium.remote.server.handler.ClickElement.call(ClickElement.java:1)\n\tat java.util.concurrent.FutureTask.run(FutureTask.java:262)\n\tat org.openqa.selenium.remote.server.DefaultSession$1.run(DefaultSession.java:176)\n\tat java.util.concurrent.ThreadPoolExecutor.runWorker(ThreadPoolExecutor.java:1145)\n\tat java.util.concurrent.ThreadPoolExecutor$Worker.run(ThreadPoolExecutor.java:615)\n\t... 1 more\n",
          "type" : "node"
        } ],
        "time" : 1436965061069,
        "type" : "node"
      } ],
      "time" : 1436965058304,
      "type" : "node"
    } ]
  }
}
